nohup: failed to run command './yus': No such file or directory


type Route struct {
	Id                int          `json:"route_id"`
	UpRouteName       string       `json:"up_route_name"`
	DownRouteName     string       `json:"down_route_name"`
	Src               string       `json:"src"`
	Dest              string       `json:"dest"`
	Stops             []RouteStops `json:"stops"`
	Direction         string       `json:"direction"`
	DepartureTime     string       `json:"up_departure_time"`
	ArrivalTime       string       `json:"up_arrival_time"`
	DownDepartureTime string       `json:"down_departure_time"`
}

type RouteStops struct {
	LocationName   string `json:"location_name"`
	Lat            string `json:"lat"`
	Lon            string `json:"lon"`
	IsStop         bool   `json:"is_stop"`
	Departure_time string `json:"departure_time"`
	Arrival_time   string `json:"arrival_time"`
}

admin-app needs to send json like the below format:

{
"up_departure_time":"08:30",
  "up_arrival_time": "09:15",
"down_departure_time":"16:20"
  "route_name": "Sattur to Madurai",
"src":"Sattur",
"dest":"Madurai",
  "stops": [
    {"location_name": "Sattur","lat": "9.3540035",  "lon": "77.9231079","is_stop":true,"departure_time":"08:30","arrival_time":"08:30"},
    {"location_name": "Virudhunagar, "lat": "9.3538361", "lon": "77.9231022","is_stop":true,"departure_time":"09:16","arrival_time":"09:15"},
    {"location_name": "Thirumangalam","lat": "9.3538282",  "lon": "77.9231091","is_stop":false,"departure_time":"09:45","arrival_time":"09:45"},
    {"location_name": "Madurai","lat": "9.353818",  "lon": "77.9231322","is_stop":true,"departure_time":"13:20","arrival_time":"10:50"}
  ],

}